
OpenTofu used the selected providers to generate the following execution
plan. Resource actions are indicated with the following symbols:
  [32m+[0m create[0m

OpenTofu will perform the following actions:

[1m  # azurerm_linux_web_app.app[0m will be created
[0m  [32m+[0m[0m resource "azurerm_linux_web_app" "app" {
      [32m+[0m[0m client_affinity_enabled                        = false
      [32m+[0m[0m client_certificate_enabled                     = false
      [32m+[0m[0m client_certificate_mode                        = "Required"
      [32m+[0m[0m custom_domain_verification_id                  = (sensitive value)
      [32m+[0m[0m default_hostname                               = (known after apply)
      [32m+[0m[0m enabled                                        = true
      [32m+[0m[0m ftp_publish_basic_authentication_enabled       = true
      [32m+[0m[0m hosting_environment_id                         = (known after apply)
      [32m+[0m[0m https_only                                     = false
      [32m+[0m[0m id                                             = (known after apply)
      [32m+[0m[0m key_vault_reference_identity_id                = (known after apply)
      [32m+[0m[0m kind                                           = (known after apply)
      [32m+[0m[0m location                                       = "swedencentral"
      [32m+[0m[0m name                                           = (known after apply)
      [32m+[0m[0m outbound_ip_address_list                       = (known after apply)
      [32m+[0m[0m outbound_ip_addresses                          = (known after apply)
      [32m+[0m[0m possible_outbound_ip_address_list              = (known after apply)
      [32m+[0m[0m possible_outbound_ip_addresses                 = (known after apply)
      [32m+[0m[0m public_network_access_enabled                  = true
      [32m+[0m[0m resource_group_name                            = "PaaS_group"
      [32m+[0m[0m service_plan_id                                = (known after apply)
      [32m+[0m[0m site_credential                                = (sensitive value)
      [32m+[0m[0m tags                                           = {
          [32m+[0m[0m "ENV" = "PaaS"
        }
      [32m+[0m[0m webdeploy_publish_basic_authentication_enabled = true
      [32m+[0m[0m zip_deploy_file                                = (known after apply)

      [32m+[0m[0m site_config {
          [32m+[0m[0m always_on                               = false
          [32m+[0m[0m container_registry_use_managed_identity = false
          [32m+[0m[0m default_documents                       = (known after apply)
          [32m+[0m[0m detailed_error_logging_enabled          = (known after apply)
          [32m+[0m[0m ftps_state                              = "Disabled"
          [32m+[0m[0m health_check_eviction_time_in_min       = (known after apply)
          [32m+[0m[0m http2_enabled                           = false
          [32m+[0m[0m ip_restriction_default_action           = "Allow"
          [32m+[0m[0m linux_fx_version                        = (known after apply)
          [32m+[0m[0m load_balancing_mode                     = "LeastRequests"
          [32m+[0m[0m local_mysql_enabled                     = false
          [32m+[0m[0m managed_pipeline_mode                   = "Integrated"
          [32m+[0m[0m minimum_tls_version                     = "1.2"
          [32m+[0m[0m remote_debugging_enabled                = false
          [32m+[0m[0m remote_debugging_version                = (known after apply)
          [32m+[0m[0m scm_ip_restriction_default_action       = "Allow"
          [32m+[0m[0m scm_minimum_tls_version                 = "1.2"
          [32m+[0m[0m scm_type                                = (known after apply)
          [32m+[0m[0m scm_use_main_ip_restriction             = false
          [32m+[0m[0m use_32_bit_worker                       = true
          [32m+[0m[0m vnet_route_all_enabled                  = false
          [32m+[0m[0m websockets_enabled                      = false
          [32m+[0m[0m worker_count                            = (known after apply)

          [32m+[0m[0m application_stack {
              [32m+[0m[0m docker_registry_password = (sensitive value)
              [32m+[0m[0m docker_registry_url      = (known after apply)
              [32m+[0m[0m docker_registry_username = (known after apply)
              [32m+[0m[0m node_version             = "20-lts"
            }
        }
    }

[1m  # azurerm_resource_group.rg[0m will be created
[0m  [32m+[0m[0m resource "azurerm_resource_group" "rg" {
      [32m+[0m[0m id       = (known after apply)
      [32m+[0m[0m location = "swedencentral"
      [32m+[0m[0m name     = "PaaS_group"
      [32m+[0m[0m tags     = {
          [32m+[0m[0m "ENV" = "PaaS"
        }
    }

[1m  # azurerm_service_plan.asp[0m will be created
[0m  [32m+[0m[0m resource "azurerm_service_plan" "asp" {
      [32m+[0m[0m id                           = (known after apply)
      [32m+[0m[0m kind                         = (known after apply)
      [32m+[0m[0m location                     = "swedencentral"
      [32m+[0m[0m maximum_elastic_worker_count = (known after apply)
      [32m+[0m[0m name                         = "asp-mark-paas"
      [32m+[0m[0m os_type                      = "Linux"
      [32m+[0m[0m per_site_scaling_enabled     = false
      [32m+[0m[0m reserved                     = (known after apply)
      [32m+[0m[0m resource_group_name          = "PaaS_group"
      [32m+[0m[0m sku_name                     = "F1"
      [32m+[0m[0m tags                         = {
          [32m+[0m[0m "ENV" = "PaaS"
        }
      [32m+[0m[0m worker_count                 = (known after apply)
    }

[1m  # random_id.suffix[0m will be created
[0m  [32m+[0m[0m resource "random_id" "suffix" {
      [32m+[0m[0m b64_std     = (known after apply)
      [32m+[0m[0m b64_url     = (known after apply)
      [32m+[0m[0m byte_length = 4
      [32m+[0m[0m dec         = (known after apply)
      [32m+[0m[0m hex         = (known after apply)
      [32m+[0m[0m id          = (known after apply)
    }

[1mPlan:[0m 4 to add, 0 to change, 0 to destroy.
[0m
Changes to Outputs:
  [32m+[0m[0m custom_domain_instructions = (sensitive value)
  [32m+[0m[0m resource_group_name        = "PaaS_group"
  [32m+[0m[0m web_app_name               = (known after apply)
  [32m+[0m[0m web_url                    = (known after apply)
[0m[1mrandom_id.suffix: Creating...[0m[0m
[0m[1mrandom_id.suffix: Creation complete after 0s [id=DDDaHg][0m
[0m[1mazurerm_resource_group.rg: Creating...[0m[0m
[0m[1mazurerm_resource_group.rg: Still creating... [10s elapsed][0m[0m
[0m[1mazurerm_resource_group.rg: Creation complete after 12s [id=/subscriptions/1cdcb9cd-8e09-4d6c-947e-4bb823b14afc/resourceGroups/PaaS_group][0m
[0m[1mazurerm_service_plan.asp: Creating...[0m[0m
[0m[1mazurerm_service_plan.asp: Still creating... [10s elapsed][0m[0m
[0m[1mazurerm_service_plan.asp: Creation complete after 15s [id=/subscriptions/1cdcb9cd-8e09-4d6c-947e-4bb823b14afc/resourceGroups/PaaS_group/providers/Microsoft.Web/serverFarms/asp-mark-paas][0m
[0m[1mazurerm_linux_web_app.app: Creating...[0m[0m
[0m[1mazurerm_linux_web_app.app: Still creating... [10s elapsed][0m[0m
[0m[1mazurerm_linux_web_app.app: Still creating... [20s elapsed][0m[0m
[0m[1mazurerm_linux_web_app.app: Still creating... [30s elapsed][0m[0m
[0m[1mazurerm_linux_web_app.app: Still creating... [40s elapsed][0m[0m
[0m[1mazurerm_linux_web_app.app: Still creating... [50s elapsed][0m[0m
[0m[1mazurerm_linux_web_app.app: Creation complete after 57s [id=/subscriptions/1cdcb9cd-8e09-4d6c-947e-4bb823b14afc/resourceGroups/PaaS_group/providers/Microsoft.Web/sites/mark-paas-0c30da1e][0m
[0m[1m[32m
Apply complete! Resources: 4 added, 0 changed, 0 destroyed.
[0m[0m[1m[32m
Outputs:

[0mcustom_domain_instructions = <sensitive>
resource_group_name = "PaaS_group"
web_app_name = "mark-paas-0c30da1e"
web_url = "https://mark-paas-0c30da1e.azurewebsites.net"
